# JRE version: OpenJDK Runtime Environment (8.0_202-b03) (build 1.8.0_202-release-1483-b03)
# Java VM: OpenJDK 64-Bit Server VM (25.202-b03 mixed mode windows-amd64 compressed oops)
Heap:
 PSYoungGen      total 51712K, used 13091K [0x00000000e0000000, 0x00000000e4c00000, 0x0000000100000000)
  eden space 46592K, 17% used [0x00000000e0000000,0x00000000e07f86b8,0x00000000e2d80000)
  from space 5120K, 96% used [0x00000000e3e80000,0x00000000e43506f8,0x00000000e4380000)
  to   space 8704K, 0% used [0x00000000e4380000,0x00000000e4380000,0x00000000e4c00000)
 ParOldGen       total 65536K, used 8373K [0x00000000a0000000, 0x00000000a4000000, 0x00000000e0000000)
  object space 65536K, 12% used [0x00000000a0000000,0x00000000a082d6c0,0x00000000a4000000)
 Metaspace       used 26591K, capacity 27120K, committed 27392K, reserved 1073152K
  class space    used 3609K, capacity 3805K, committed 3840K, reserved 1048576K
GC Heap History (10 events):
Event: 3.595 GC heap before
{Heap before GC invocations=4 (full 0):
 PSYoungGen      total 38400K, used 38369K [0x00000000e0000000, 0x00000000e2a80000, 0x0000000100000000)
  eden space 33280K, 100% used [0x00000000e0000000,0x00000000e2080000,0x00000000e2080000)
  from space 5120K, 99% used [0x00000000e2080000,0x00000000e25784f8,0x00000000e2580000)
  to   space 5120K, 0% used [0x00000000e2580000,0x00000000e2580000,0x00000000e2a80000)
 ParOldGen       total 87552K, used 2184K [0x00000000a0000000, 0x00000000a5580000, 0x00000000e0000000)
  object space 87552K, 2% used [0x00000000a0000000,0x00000000a02223c0,0x00000000a5580000)
 Metaspace       used 16258K, capacity 16688K, committed 16896K, reserved 1062912K
  class space    used 2312K, capacity 2460K, committed 2560K, reserved 1048576K
Event: 3.606 GC heap after
Heap after GC invocations=4 (full 0):
 PSYoungGen      total 38400K, used 5104K [0x00000000e0000000, 0x00000000e4b00000, 0x0000000100000000)
  eden space 33280K, 0% used [0x00000000e0000000,0x00000000e0000000,0x00000000e2080000)
  from space 5120K, 99% used [0x00000000e2580000,0x00000000e2a7c010,0x00000000e2a80000)
  to   space 5120K, 0% used [0x00000000e2080000,0x00000000e2080000,0x00000000e2580000)
 ParOldGen       total 87552K, used 5448K [0x00000000a0000000, 0x00000000a5580000, 0x00000000e0000000)
  object space 87552K, 6% used [0x00000000a0000000,0x00000000a05523f0,0x00000000a5580000)
 Metaspace       used 16258K, capacity 16688K, committed 16896K, reserved 1062912K
  class space    used 2312K, capacity 2460K, committed 2560K, reserved 1048576K
}
Event: 4.459 GC heap before
{Heap before GC invocations=5 (full 0):
 PSYoungGen      total 38400K, used 38384K [0x00000000e0000000, 0x00000000e4b00000, 0x0000000100000000)
  eden space 33280K, 100% used [0x00000000e0000000,0x00000000e2080000,0x00000000e2080000)
  from space 5120K, 99% used [0x00000000e2580000,0x00000000e2a7c010,0x00000000e2a80000)
  to   space 5120K, 0% used [0x00000000e2080000,0x00000000e2080000,0x00000000e2580000)
 ParOldGen       total 87552K, used 5448K [0x00000000a0000000, 0x00000000a5580000, 0x00000000e0000000)
  object space 87552K, 6% used [0x00000000a0000000,0x00000000a05523f0,0x00000000a5580000)
 Metaspace       used 19197K, capacity 19704K, committed 19968K, reserved 1067008K
  class space    used 2792K, capacity 2962K, committed 3072K, reserved 1048576K
Event: 4.473 GC heap after
Heap after GC invocations=5 (full 0):
 PSYoungGen      total 38400K, used 5088K [0x00000000e0000000, 0x00000000e5600000, 0x0000000100000000)
  eden space 33280K, 0% used [0x00000000e0000000,0x00000000e0000000,0x00000000e2080000)
  from space 5120K, 99% used [0x00000000e2080000,0x00000000e2578020,0x00000000e2580000)
  to   space 10752K, 0% used [0x00000000e4b80000,0x00000000e4b80000,0x00000000e5600000)
 ParOldGen       total 87552K, used 9095K [0x00000000a0000000, 0x00000000a5580000, 0x00000000e0000000)
  object space 87552K, 10% used [0x00000000a0000000,0x00000000a08e1e08,0x00000000a5580000)
 Metaspace       used 19197K, capacity 19704K, committed 19968K, reserved 1067008K
  class space    used 2792K, capacity 2962K, committed 3072K, reserved 1048576K
}
Event: 5.791 GC heap before
{Heap before GC invocations=6 (full 0):
 PSYoungGen      total 38400K, used 16479K [0x00000000e0000000, 0x00000000e5600000, 0x0000000100000000)
  eden space 33280K, 34% used [0x00000000e0000000,0x00000000e0b1fe48,0x00000000e2080000)
  from space 5120K, 99% used [0x00000000e2080000,0x00000000e2578020,0x00000000e2580000)
  to   space 10752K, 0% used [0x00000000e4b80000,0x00000000e4b80000,0x00000000e5600000)
 ParOldGen       total 87552K, used 9095K [0x00000000a0000000, 0x00000000a5580000, 0x00000000e0000000)
  object space 87552K, 10% used [0x00000000a0000000,0x00000000a08e1e08,0x00000000a5580000)
 Metaspace       used 20707K, capacity 21150K, committed 21296K, reserved 1067008K
  class space    used 2955K, capacity 3123K, committed 3200K, reserved 1048576K
Event: 5.796 GC heap after
Heap after GC invocations=6 (full 0):
 PSYoungGen      total 39936K, used 7095K [0x00000000e0000000, 0x00000000e5280000, 0x0000000100000000)
  eden space 32768K, 0% used [0x00000000e0000000,0x00000000e0000000,0x00000000e2000000)
  from space 7168K, 98% used [0x00000000e4b80000,0x00000000e526df40,0x00000000e5280000)
  to   space 10240K, 0% used [0x00000000e3e80000,0x00000000e3e80000,0x00000000e4880000)
 ParOldGen       total 87552K, used 9103K [0x00000000a0000000, 0x00000000a5580000, 0x00000000e0000000)
  object space 87552K, 10% used [0x00000000a0000000,0x00000000a08e3e08,0x00000000a5580000)
 Metaspace       used 20707K, capacity 21150K, committed 21296K, reserved 1067008K
  class space    used 2955K, capacity 3123K, committed 3200K, reserved 1048576K
}
Event: 5.796 GC heap before
{Heap before GC invocations=7 (full 1):
 PSYoungGen      total 39936K, used 7095K [0x00000000e0000000, 0x00000000e5280000, 0x0000000100000000)
  eden space 32768K, 0% used [0x00000000e0000000,0x00000000e0000000,0x00000000e2000000)
  from space 7168K, 98% used [0x00000000e4b80000,0x00000000e526df40,0x00000000e5280000)
  to   space 10240K, 0% used [0x00000000e3e80000,0x00000000e3e80000,0x00000000e4880000)
 ParOldGen       total 87552K, used 9103K [0x00000000a0000000, 0x00000000a5580000, 0x00000000e0000000)
  object space 87552K, 10% used [0x00000000a0000000,0x00000000a08e3e08,0x00000000a5580000)
 Metaspace       used 20707K, capacity 21150K, committed 21296K, reserved 1067008K
  class space    used 2955K, capacity 3123K, committed 3200K, reserved 1048576K
Event: 5.867 GC heap after
Heap after GC invocations=7 (full 1):
 PSYoungGen      total 39936K, used 0K [0x00000000e0000000, 0x00000000e5280000, 0x0000000100000000)
  eden space 32768K, 0% used [0x00000000e0000000,0x00000000e0000000,0x00000000e2000000)
  from space 7168K, 0% used [0x00000000e4b80000,0x00000000e4b80000,0x00000000e5280000)
  to   space 10240K, 0% used [0x00000000e3e80000,0x00000000e3e80000,0x00000000e4880000)
 ParOldGen       total 65536K, used 8365K [0x00000000a0000000, 0x00000000a4000000, 0x00000000e0000000)
  object space 65536K, 12% used [0x00000000a0000000,0x00000000a082b6c0,0x00000000a4000000)
 Metaspace       used 20707K, capacity 21150K, committed 21296K, reserved 1067008K
  class space    used 2955K, capacity 3123K, committed 3200K, reserved 1048576K
}
Event: 6.763 GC heap before
{Heap before GC invocations=8 (full 1):
 PSYoungGen      total 39936K, used 32768K [0x00000000e0000000, 0x00000000e5280000, 0x0000000100000000)
  eden space 32768K, 100% used [0x00000000e0000000,0x00000000e2000000,0x00000000e2000000)
  from space 7168K, 0% used [0x00000000e4b80000,0x00000000e4b80000,0x00000000e5280000)
  to   space 10240K, 0% used [0x00000000e3e80000,0x00000000e3e80000,0x00000000e4880000)
 ParOldGen       total 65536K, used 8365K [0x00000000a0000000, 0x00000000a4000000, 0x00000000e0000000)
  object space 65536K, 12% used [0x00000000a0000000,0x00000000a082b6c0,0x00000000a4000000)
 Metaspace       used 26104K, capacity 26666K, committed 26880K, reserved 1073152K
  class space    used 3521K, capacity 3740K, committed 3840K, reserved 1048576K
Event: 6.769 GC heap after
Heap after GC invocations=8 (full 1):
 PSYoungGen      total 51712K, used 4929K [0x00000000e0000000, 0x00000000e4c00000, 0x0000000100000000)
  eden space 46592K, 0% used [0x00000000e0000000,0x00000000e0000000,0x00000000e2d80000)
  from space 5120K, 96% used [0x00000000e3e80000,0x00000000e43506f8,0x00000000e4380000)
  to   space 8704K, 0% used [0x00000000e4380000,0x00000000e4380000,0x00000000e4c00000)
 ParOldGen       total 65536K, used 8373K [0x00000000a0000000, 0x00000000a4000000, 0x00000000e0000000)
  object space 65536K, 12% used [0x00000000a0000000,0x00000000a082d6c0,0x00000000a4000000)
 Metaspace       used 26104K, capacity 26666K, committed 26880K, reserved 1073152K
  class space    used 3521K, capacity 3740K, committed 3840K, reserved 1048576K
}

