# JRE version: OpenJDK Runtime Environment (8.0_202-b03) (build 1.8.0_202-release-1483-b03)
# Java VM: OpenJDK 64-Bit Server VM (25.202-b03 mixed mode windows-amd64 compressed oops)
Heap:
 PSYoungGen      total 155136K, used 82958K [0x00000000e0000000, 0x00000000ea800000, 0x0000000100000000)
  eden space 143360K, 49% used [0x00000000e0000000,0x00000000e4583f90,0x00000000e8c00000)
  from space 11776K, 99% used [0x00000000e9c80000,0x00000000ea7ffaf0,0x00000000ea800000)
  to   space 13824K, 0% used [0x00000000e8d00000,0x00000000e8d00000,0x00000000e9a80000)
 ParOldGen       total 84480K, used 19886K [0x00000000a0000000, 0x00000000a5280000, 0x00000000e0000000)
  object space 84480K, 23% used [0x00000000a0000000,0x00000000a136b938,0x00000000a5280000)
 Metaspace       used 51260K, capacity 52670K, committed 52904K, reserved 1097728K
  class space    used 6947K, capacity 7324K, committed 7336K, reserved 1048576K
GC Heap History (10 events):
Event: 5.748 GC heap before
{Heap before GC invocations=8 (full 1):
 PSYoungGen      total 76288K, used 66560K [0x00000000e0000000, 0x00000000e5500000, 0x0000000100000000)
  eden space 66560K, 100% used [0x00000000e0000000,0x00000000e4100000,0x00000000e4100000)
  from space 9728K, 0% used [0x00000000e4b80000,0x00000000e4b80000,0x00000000e5500000)
  to   space 10240K, 0% used [0x00000000e4100000,0x00000000e4100000,0x00000000e4b00000)
 ParOldGen       total 56832K, used 8386K [0x00000000a0000000, 0x00000000a3780000, 0x00000000e0000000)
  object space 56832K, 14% used [0x00000000a0000000,0x00000000a0830ae0,0x00000000a3780000)
 Metaspace       used 29069K, capacity 29560K, committed 29824K, reserved 1075200K
  class space    used 3928K, capacity 4102K, committed 4224K, reserved 1048576K
Event: 5.760 GC heap after
Heap after GC invocations=8 (full 1):
 PSYoungGen      total 76800K, used 8270K [0x00000000e0000000, 0x00000000e8080000, 0x0000000100000000)
  eden space 66560K, 0% used [0x00000000e0000000,0x00000000e0000000,0x00000000e4100000)
  from space 10240K, 80% used [0x00000000e4100000,0x00000000e49138a8,0x00000000e4b00000)
  to   space 10752K, 0% used [0x00000000e7600000,0x00000000e7600000,0x00000000e8080000)
 ParOldGen       total 56832K, used 8394K [0x00000000a0000000, 0x00000000a3780000, 0x00000000e0000000)
  object space 56832K, 14% used [0x00000000a0000000,0x00000000a0832ae0,0x00000000a3780000)
 Metaspace       used 29069K, capacity 29560K, committed 29824K, reserved 1075200K
  class space    used 3928K, capacity 4102K, committed 4224K, reserved 1048576K
}
Event: 6.647 GC heap before
{Heap before GC invocations=9 (full 1):
 PSYoungGen      total 76800K, used 74830K [0x00000000e0000000, 0x00000000e8080000, 0x0000000100000000)
  eden space 66560K, 100% used [0x00000000e0000000,0x00000000e4100000,0x00000000e4100000)
  from space 10240K, 80% used [0x00000000e4100000,0x00000000e49138a8,0x00000000e4b00000)
  to   space 10752K, 0% used [0x00000000e7600000,0x00000000e7600000,0x00000000e8080000)
 ParOldGen       total 56832K, used 8394K [0x00000000a0000000, 0x00000000a3780000, 0x00000000e0000000)
  object space 56832K, 14% used [0x00000000a0000000,0x00000000a0832ae0,0x00000000a3780000)
 Metaspace       used 32370K, capacity 32886K, committed 33152K, reserved 1077248K
  class space    used 4463K, capacity 4656K, committed 4736K, reserved 1048576K
Event: 6.656 GC heap after
Heap after GC invocations=9 (full 1):
 PSYoungGen      total 118784K, used 8738K [0x00000000e0000000, 0x00000000e8000000, 0x0000000100000000)
  eden space 108544K, 0% used [0x00000000e0000000,0x00000000e0000000,0x00000000e6a00000)
  from space 10240K, 85% used [0x00000000e7600000,0x00000000e7e88a98,0x00000000e8000000)
  to   space 11264K, 0% used [0x00000000e6a00000,0x00000000e6a00000,0x00000000e7500000)
 ParOldGen       total 56832K, used 8402K [0x00000000a0000000, 0x00000000a3780000, 0x00000000e0000000)
  object space 56832K, 14% used [0x00000000a0000000,0x00000000a0834ae0,0x00000000a3780000)
 Metaspace       used 32370K, capacity 32886K, committed 33152K, reserved 1077248K
  class space    used 4463K, capacity 4656K, committed 4736K, reserved 1048576K
}
Event: 7.704 GC heap before
{Heap before GC invocations=10 (full 1):
 PSYoungGen      total 118784K, used 56973K [0x00000000e0000000, 0x00000000e8000000, 0x0000000100000000)
  eden space 108544K, 44% used [0x00000000e0000000,0x00000000e2f1a9c8,0x00000000e6a00000)
  from space 10240K, 85% used [0x00000000e7600000,0x00000000e7e88a98,0x00000000e8000000)
  to   space 11264K, 0% used [0x00000000e6a00000,0x00000000e6a00000,0x00000000e7500000)
 ParOldGen       total 56832K, used 8402K [0x00000000a0000000, 0x00000000a3780000, 0x00000000e0000000)
  object space 56832K, 14% used [0x00000000a0000000,0x00000000a0834ae0,0x00000000a3780000)
 Metaspace       used 34724K, capacity 35442K, committed 35496K, reserved 1079296K
  class space    used 4783K, capacity 5000K, committed 5032K, reserved 1048576K
Event: 7.717 GC heap after
Heap after GC invocations=10 (full 1):
 PSYoungGen      total 119808K, used 9839K [0x00000000e0000000, 0x00000000ea800000, 0x0000000100000000)
  eden space 108544K, 0% used [0x00000000e0000000,0x00000000e0000000,0x00000000e6a00000)
  from space 11264K, 87% used [0x00000000e6a00000,0x00000000e739bc58,0x00000000e7500000)
  to   space 11776K, 0% used [0x00000000e9c80000,0x00000000e9c80000,0x00000000ea800000)
 ParOldGen       total 56832K, used 8410K [0x00000000a0000000, 0x00000000a3780000, 0x00000000e0000000)
  object space 56832K, 14% used [0x00000000a0000000,0x00000000a0836ae0,0x00000000a3780000)
 Metaspace       used 34724K, capacity 35442K, committed 35496K, reserved 1079296K
  class space    used 4783K, capacity 5000K, committed 5032K, reserved 1048576K
}
Event: 7.717 GC heap before
{Heap before GC invocations=11 (full 2):
 PSYoungGen      total 119808K, used 9839K [0x00000000e0000000, 0x00000000ea800000, 0x0000000100000000)
  eden space 108544K, 0% used [0x00000000e0000000,0x00000000e0000000,0x00000000e6a00000)
  from space 11264K, 87% used [0x00000000e6a00000,0x00000000e739bc58,0x00000000e7500000)
  to   space 11776K, 0% used [0x00000000e9c80000,0x00000000e9c80000,0x00000000ea800000)
 ParOldGen       total 56832K, used 8410K [0x00000000a0000000, 0x00000000a3780000, 0x00000000e0000000)
  object space 56832K, 14% used [0x00000000a0000000,0x00000000a0836ae0,0x00000000a3780000)
 Metaspace       used 34724K, capacity 35442K, committed 35496K, reserved 1079296K
  class space    used 4783K, capacity 5000K, committed 5032K, reserved 1048576K
Event: 7.778 GC heap after
Heap after GC invocations=11 (full 2):
 PSYoungGen      total 119808K, used 0K [0x00000000e0000000, 0x00000000ea800000, 0x0000000100000000)
  eden space 108544K, 0% used [0x00000000e0000000,0x00000000e0000000,0x00000000e6a00000)
  from space 11264K, 0% used [0x00000000e6a00000,0x00000000e6a00000,0x00000000e7500000)
  to   space 11776K, 0% used [0x00000000e9c80000,0x00000000e9c80000,0x00000000ea800000)
 ParOldGen       total 84480K, used 16783K [0x00000000a0000000, 0x00000000a5280000, 0x00000000e0000000)
  object space 84480K, 19% used [0x00000000a0000000,0x00000000a1063ff0,0x00000000a5280000)
 Metaspace       used 34713K, capacity 35406K, committed 35496K, reserved 1079296K
  class space    used 4780K, capacity 4994K, committed 5032K, reserved 1048576K
}
Event: 10.000 GC heap before
{Heap before GC invocations=12 (full 2):
 PSYoungGen      total 119808K, used 108544K [0x00000000e0000000, 0x00000000ea800000, 0x0000000100000000)
  eden space 108544K, 100% used [0x00000000e0000000,0x00000000e6a00000,0x00000000e6a00000)
  from space 11264K, 0% used [0x00000000e6a00000,0x00000000e6a00000,0x00000000e7500000)
  to   space 11776K, 0% used [0x00000000e9c80000,0x00000000e9c80000,0x00000000ea800000)
 ParOldGen       total 84480K, used 16783K [0x00000000a0000000, 0x00000000a5280000, 0x00000000e0000000)
  object space 84480K, 19% used [0x00000000a0000000,0x00000000a1063ff0,0x00000000a5280000)
 Metaspace       used 45504K, capacity 46446K, committed 46632K, reserved 1089536K
  class space    used 6141K, capacity 6429K, committed 6440K, reserved 1048576K
Event: 10.017 GC heap after
Heap after GC invocations=12 (full 2):
 PSYoungGen      total 155136K, used 11774K [0x00000000e0000000, 0x00000000ea800000, 0x0000000100000000)
  eden space 143360K, 0% used [0x00000000e0000000,0x00000000e0000000,0x00000000e8c00000)
  from space 11776K, 99% used [0x00000000e9c80000,0x00000000ea7ffaf0,0x00000000ea800000)
  to   space 13824K, 0% used [0x00000000e8d00000,0x00000000e8d00000,0x00000000e9a80000)
 ParOldGen       total 84480K, used 19886K [0x00000000a0000000, 0x00000000a5280000, 0x00000000e0000000)
  object space 84480K, 23% used [0x00000000a0000000,0x00000000a136b938,0x00000000a5280000)
 Metaspace       used 45504K, capacity 46446K, committed 46632K, reserved 1089536K
  class space    used 6141K, capacity 6429K, committed 6440K, reserved 1048576K
}

